<?xml version="1.0" encoding="UTF-8"?>
<testsuite xmlns:xsi="http://www.w3.org/2001/XMLSchema-instance" xsi:noNamespaceSchemaLocation="https://maven.apache.org/surefire/maven-surefire-plugin/xsd/surefire-test-report-3.0.xsd" version="3.0" name="com.taskmanager.service.CategoryServiceTest" time="0.52" tests="10" errors="0" skipped="0" failures="0">
  <properties>
[...]
</properties>
  <testcase name="testGetCategoryById_Success" classname="com.taskmanager.service.CategoryServiceTest" time="0.442"/>
  <testcase name="testCreateCategory_DuplicateName" classname="com.taskmanager.service.CategoryServiceTest" time="0.003"/>
  <testcase name="testIsCategoryNameExists_True" classname="com.taskmanager.service.CategoryServiceTest" time="0.001"/>
  <testcase name="testIsCategoryBelongsToUser_False" classname="com.taskmanager.service.CategoryServiceTest" time="0.0"/>
  <testcase name="testIsCategoryBelongsToUser_True" classname="com.taskmanager.service.CategoryServiceTest" time="0.001"/>
  <testcase name="testDeleteCategory_Success" classname="com.taskmanager.service.CategoryServiceTest" time="0.002"/>
  <testcase name="testUpdateCategory_Success" classname="com.taskmanager.service.CategoryServiceTest" time="0.001"/>
  <testcase name="testIsCategoryNameExists_False" classname="com.taskmanager.service.CategoryServiceTest" time="0.001"/>
  <testcase name="testGetUserCategories_Success" classname="com.taskmanager.service.CategoryServiceTest" time="0.0"/>
  <testcase name="testCreateCategory_Success" classname="com.taskmanager.service.CategoryServiceTest" time="0.001"/>
</testsuite>